<?xml version="1.0" encoding="UTF-8"?>
<!-- Generated by org.testng.reporters.JUnitReportReporter -->
<testsuite hostname="DESKTOP-BHFMFMF" failures="0" tests="2" name="com.tvswebapp.testrunner.TestRunner" time="63.366" errors="0" timestamp="2025-03-26T23:39:56 IST" skipped="0">
  <testcase classname="com.tvswebapp.testrunner.TestRunner" name="runScenario" time="31.699"/>
  <testcase classname="com.tvswebapp.testrunner.TestRunner" name="runScenario" time="31.667"/>
</testsuite> <!-- com.tvswebapp.testrunner.TestRunner -->
