<?xml version="1.0" encoding="UTF-8"?>
<!-- Generated by org.testng.reporters.JUnitReportReporter -->
<testsuite hostname="DESKTOP-BHFMFMF" failures="0" tests="2" name="com.tvswebapp.testrunner.TestRunner" time="91.346" errors="0" timestamp="2025-03-29T23:54:40 IST" skipped="0">
  <testcase classname="com.tvswebapp.testrunner.TestRunner" name="runScenario" time="43.319"/>
  <testcase classname="com.tvswebapp.testrunner.TestRunner" name="runScenario" time="48.027"/>
</testsuite> <!-- com.tvswebapp.testrunner.TestRunner -->
